Analysis & Synthesis report for Synch_UpDown_Ctr_16bit
Tue Nov 07 16:01:21 2023
Quartus Prime Version 18.1.0 Build 625 09/12/2018 SJ Lite Edition


---------------------
; Table of Contents ;
---------------------
  1. Legal Notice
  2. Analysis & Synthesis Summary
  3. Analysis & Synthesis Settings
  4. Parallel Compilation
  5. Analysis & Synthesis Source Files Read
  6. Analysis & Synthesis Resource Usage Summary
  7. Analysis & Synthesis Resource Utilization by Entity
  8. General Register Statistics
  9. Port Connectivity Checks: "JK_FlipFlop:\JK:15:JK"
 10. Port Connectivity Checks: "JK_FlipFlop:\JK:14:JK"
 11. Port Connectivity Checks: "JK_FlipFlop:\JK:13:JK"
 12. Port Connectivity Checks: "JK_FlipFlop:\JK:12:JK"
 13. Port Connectivity Checks: "JK_FlipFlop:\JK:11:JK"
 14. Port Connectivity Checks: "JK_FlipFlop:\JK:10:JK"
 15. Port Connectivity Checks: "JK_FlipFlop:\JK:9:JK"
 16. Port Connectivity Checks: "JK_FlipFlop:\JK:8:JK"
 17. Port Connectivity Checks: "JK_FlipFlop:\JK:7:JK"
 18. Port Connectivity Checks: "JK_FlipFlop:\JK:6:JK"
 19. Port Connectivity Checks: "JK_FlipFlop:\JK:5:JK"
 20. Port Connectivity Checks: "JK_FlipFlop:\JK:4:JK"
 21. Port Connectivity Checks: "JK_FlipFlop:\JK:3:JK"
 22. Port Connectivity Checks: "JK_FlipFlop:\JK:2:JK"
 23. Port Connectivity Checks: "JK_FlipFlop:\JK:1:JK"
 24. Post-Synthesis Netlist Statistics for Top Partition
 25. Elapsed Time Per Partition
 26. Analysis & Synthesis Messages



----------------
; Legal Notice ;
----------------
Copyright (C) 2018  Intel Corporation. All rights reserved.
Your use of Intel Corporation's design tools, logic functions 
and other software and tools, and its AMPP partner logic 
functions, and any output files from any of the foregoing 
(including device programming or simulation files), and any 
associated documentation or information are expressly subject 
to the terms and conditions of the Intel Program License 
Subscription Agreement, the Intel Quartus Prime License Agreement,
the Intel FPGA IP License Agreement, or other applicable license
agreement, including, without limitation, that your use is for
the sole purpose of programming logic devices manufactured by
Intel and sold by Intel or its authorized distributors.  Please
refer to the applicable agreement for further details.



+----------------------------------------------------------------------------------+
; Analysis & Synthesis Summary                                                     ;
+------------------------------------+---------------------------------------------+
; Analysis & Synthesis Status        ; Successful - Tue Nov 07 16:01:21 2023       ;
; Quartus Prime Version              ; 18.1.0 Build 625 09/12/2018 SJ Lite Edition ;
; Revision Name                      ; Synch_UpDown_Ctr_16bit                      ;
; Top-level Entity Name              ; Synch_UpDown_Ctr_16bit                      ;
; Family                             ; MAX 10                                      ;
; Total logic elements               ; 45                                          ;
;     Total combinational functions  ; 45                                          ;
;     Dedicated logic registers      ; 16                                          ;
; Total registers                    ; 16                                          ;
; Total pins                         ; 21                                          ;
; Total virtual pins                 ; 0                                           ;
; Total memory bits                  ; 0                                           ;
; Embedded Multiplier 9-bit elements ; 0                                           ;
; Total PLLs                         ; 0                                           ;
; UFM blocks                         ; 0                                           ;
; ADC blocks                         ; 0                                           ;
+------------------------------------+---------------------------------------------+


+--------------------------------------------------------------------------------------------------------------------+
; Analysis & Synthesis Settings                                                                                      ;
+------------------------------------------------------------------+------------------------+------------------------+
; Option                                                           ; Setting                ; Default Value          ;
+------------------------------------------------------------------+------------------------+------------------------+
; Device                                                           ; 10M08DAF484C8G         ;                        ;
; Top-level entity name                                            ; Synch_UpDown_Ctr_16bit ; Synch_UpDown_Ctr_16bit ;
; Family name                                                      ; MAX 10                 ; Cyclone V              ;
; Use smart compilation                                            ; Off                    ; Off                    ;
; Enable parallel Assembler and Timing Analyzer during compilation ; On                     ; On                     ;
; Enable compact report table                                      ; Off                    ; Off                    ;
; Restructure Multiplexers                                         ; Auto                   ; Auto                   ;
; Create Debugging Nodes for IP Cores                              ; Off                    ; Off                    ;
; Preserve fewer node names                                        ; On                     ; On                     ;
; Intel FPGA IP Evaluation Mode                                    ; Enable                 ; Enable                 ;
; Verilog Version                                                  ; Verilog_2001           ; Verilog_2001           ;
; VHDL Version                                                     ; VHDL_1993              ; VHDL_1993              ;
; State Machine Processing                                         ; Auto                   ; Auto                   ;
; Safe State Machine                                               ; Off                    ; Off                    ;
; Extract Verilog State Machines                                   ; On                     ; On                     ;
; Extract VHDL State Machines                                      ; On                     ; On                     ;
; Ignore Verilog initial constructs                                ; Off                    ; Off                    ;
; Iteration limit for constant Verilog loops                       ; 5000                   ; 5000                   ;
; Iteration limit for non-constant Verilog loops                   ; 250                    ; 250                    ;
; Add Pass-Through Logic to Inferred RAMs                          ; On                     ; On                     ;
; Infer RAMs from Raw Logic                                        ; On                     ; On                     ;
; Parallel Synthesis                                               ; On                     ; On                     ;
; DSP Block Balancing                                              ; Auto                   ; Auto                   ;
; NOT Gate Push-Back                                               ; On                     ; On                     ;
; Power-Up Don't Care                                              ; On                     ; On                     ;
; Remove Redundant Logic Cells                                     ; Off                    ; Off                    ;
; Remove Duplicate Registers                                       ; On                     ; On                     ;
; Ignore CARRY Buffers                                             ; Off                    ; Off                    ;
; Ignore CASCADE Buffers                                           ; Off                    ; Off                    ;
; Ignore GLOBAL Buffers                                            ; Off                    ; Off                    ;
; Ignore ROW GLOBAL Buffers                                        ; Off                    ; Off                    ;
; Ignore LCELL Buffers                                             ; Off                    ; Off                    ;
; Ignore SOFT Buffers                                              ; On                     ; On                     ;
; Limit AHDL Integers to 32 Bits                                   ; Off                    ; Off                    ;
; Optimization Technique                                           ; Balanced               ; Balanced               ;
; Carry Chain Length                                               ; 70                     ; 70                     ;
; Auto Carry Chains                                                ; On                     ; On                     ;
; Auto Open-Drain Pins                                             ; On                     ; On                     ;
; Perform WYSIWYG Primitive Resynthesis                            ; Off                    ; Off                    ;
; Auto ROM Replacement                                             ; On                     ; On                     ;
; Auto RAM Replacement                                             ; On                     ; On                     ;
; Auto DSP Block Replacement                                       ; On                     ; On                     ;
; Auto Shift Register Replacement                                  ; Auto                   ; Auto                   ;
; Allow Shift Register Merging across Hierarchies                  ; Auto                   ; Auto                   ;
; Auto Clock Enable Replacement                                    ; On                     ; On                     ;
; Strict RAM Replacement                                           ; Off                    ; Off                    ;
; Allow Synchronous Control Signals                                ; On                     ; On                     ;
; Force Use of Synchronous Clear Signals                           ; Off                    ; Off                    ;
; Auto RAM Block Balancing                                         ; On                     ; On                     ;
; Auto RAM to Logic Cell Conversion                                ; Off                    ; Off                    ;
; Auto Resource Sharing                                            ; Off                    ; Off                    ;
; Allow Any RAM Size For Recognition                               ; Off                    ; Off                    ;
; Allow Any ROM Size For Recognition                               ; Off                    ; Off                    ;
; Allow Any Shift Register Size For Recognition                    ; Off                    ; Off                    ;
; Use LogicLock Constraints during Resource Balancing              ; On                     ; On                     ;
; Ignore translate_off and synthesis_off directives                ; Off                    ; Off                    ;
; Timing-Driven Synthesis                                          ; On                     ; On                     ;
; Report Parameter Settings                                        ; On                     ; On                     ;
; Report Source Assignments                                        ; On                     ; On                     ;
; Report Connectivity Checks                                       ; On                     ; On                     ;
; Ignore Maximum Fan-Out Assignments                               ; Off                    ; Off                    ;
; Synchronization Register Chain Length                            ; 2                      ; 2                      ;
; Power Optimization During Synthesis                              ; Normal compilation     ; Normal compilation     ;
; HDL message level                                                ; Level2                 ; Level2                 ;
; Suppress Register Optimization Related Messages                  ; Off                    ; Off                    ;
; Number of Removed Registers Reported in Synthesis Report         ; 5000                   ; 5000                   ;
; Number of Swept Nodes Reported in Synthesis Report               ; 5000                   ; 5000                   ;
; Number of Inverted Registers Reported in Synthesis Report        ; 100                    ; 100                    ;
; Clock MUX Protection                                             ; On                     ; On                     ;
; Auto Gated Clock Conversion                                      ; Off                    ; Off                    ;
; Block Design Naming                                              ; Auto                   ; Auto                   ;
; SDC constraint protection                                        ; Off                    ; Off                    ;
; Synthesis Effort                                                 ; Auto                   ; Auto                   ;
; Shift Register Replacement - Allow Asynchronous Clear Signal     ; On                     ; On                     ;
; Pre-Mapping Resynthesis Optimization                             ; Off                    ; Off                    ;
; Analysis & Synthesis Message Level                               ; Medium                 ; Medium                 ;
; Disable Register Merging Across Hierarchies                      ; Auto                   ; Auto                   ;
; Resource Aware Inference For Block RAM                           ; On                     ; On                     ;
+------------------------------------------------------------------+------------------------+------------------------+


+------------------------------------------+
; Parallel Compilation                     ;
+----------------------------+-------------+
; Processors                 ; Number      ;
+----------------------------+-------------+
; Number detected on machine ; 16          ;
; Maximum allowed            ; 16          ;
;                            ;             ;
; Average used               ; 1.00        ;
; Maximum used               ; 16          ;
;                            ;             ;
; Usage by Processor         ; % Time Used ;
;     Processor 1            ; 100.0%      ;
;     Processors 2-16        ;   0.0%      ;
+----------------------------+-------------+


+--------------------------------------------------------------------------------------------------------------------------------------------------------------------------------------------------------------------------------------------------------+
; Analysis & Synthesis Source Files Read                                                                                                                                                                                                                 ;
+----------------------------------+-----------------+-----------------+-----------------------------------------------------------------------------------------------------------------------------------------------------------------------+---------+
; File Name with User-Entered Path ; Used in Netlist ; File Type       ; File Name with Absolute Path                                                                                                                                          ; Library ;
+----------------------------------+-----------------+-----------------+-----------------------------------------------------------------------------------------------------------------------------------------------------------------------+---------+
; JK_FlipFlop.vhdl                 ; yes             ; User VHDL File  ; C:/Users/ASUS/OneDrive - Indian Institute of Technology Bombay/ACADS/SEMESTER-3/EE-214/Practice_Problems/Level-III/Synch_UpDown_Ctr_16bit/JK_FlipFlop.vhdl            ;         ;
; Gates.vhdl                       ; yes             ; User VHDL File  ; C:/Users/ASUS/OneDrive - Indian Institute of Technology Bombay/ACADS/SEMESTER-3/EE-214/Practice_Problems/Level-III/Synch_UpDown_Ctr_16bit/Gates.vhdl                  ;         ;
; Synch_UpDown_Ctr_16bit.vhdl      ; yes             ; User VHDL File  ; C:/Users/ASUS/OneDrive - Indian Institute of Technology Bombay/ACADS/SEMESTER-3/EE-214/Practice_Problems/Level-III/Synch_UpDown_Ctr_16bit/Synch_UpDown_Ctr_16bit.vhdl ;         ;
+----------------------------------+-----------------+-----------------+-----------------------------------------------------------------------------------------------------------------------------------------------------------------------+---------+


+-----------------------------------------------------------+
; Analysis & Synthesis Resource Usage Summary               ;
+---------------------------------------------+-------------+
; Resource                                    ; Usage       ;
+---------------------------------------------+-------------+
; Estimated Total logic elements              ; 45          ;
;                                             ;             ;
; Total combinational functions               ; 45          ;
; Logic element usage by number of LUT inputs ;             ;
;     -- 4 input functions                    ; 25          ;
;     -- 3 input functions                    ; 13          ;
;     -- <=2 input functions                  ; 7           ;
;                                             ;             ;
; Logic elements by mode                      ;             ;
;     -- normal mode                          ; 45          ;
;     -- arithmetic mode                      ; 0           ;
;                                             ;             ;
; Total registers                             ; 16          ;
;     -- Dedicated logic registers            ; 16          ;
;     -- I/O registers                        ; 0           ;
;                                             ;             ;
; I/O pins                                    ; 21          ;
;                                             ;             ;
; Embedded Multiplier 9-bit elements          ; 0           ;
;                                             ;             ;
; Maximum fan-out node                        ; Clock~input ;
; Maximum fan-out                             ; 16          ;
; Total fan-out                               ; 225         ;
; Average fan-out                             ; 2.18        ;
+---------------------------------------------+-------------+


+-----------------------------------------------------------------------------------------------------------------------------------------------------------------------------------------------------------------------------------------------------------------------------+
; Analysis & Synthesis Resource Utilization by Entity                                                                                                                                                                                                                         ;
+------------------------------+---------------------+---------------------------+-------------+------------+--------------+---------+-----------+------+--------------+------------+-------------------------------------------------+------------------------+--------------+
; Compilation Hierarchy Node   ; Combinational ALUTs ; Dedicated Logic Registers ; Memory Bits ; UFM Blocks ; DSP Elements ; DSP 9x9 ; DSP 18x18 ; Pins ; Virtual Pins ; ADC blocks ; Full Hierarchy Name                             ; Entity Name            ; Library Name ;
+------------------------------+---------------------+---------------------------+-------------+------------+--------------+---------+-----------+------+--------------+------------+-------------------------------------------------+------------------------+--------------+
; |Synch_UpDown_Ctr_16bit      ; 45 (0)              ; 16 (0)                    ; 0           ; 0          ; 0            ; 0       ; 0         ; 21   ; 0            ; 0          ; |Synch_UpDown_Ctr_16bit                         ; Synch_UpDown_Ctr_16bit ; work         ;
;    |AND_2:\JK:14:andforQBar| ; 2 (2)               ; 0 (0)                     ; 0           ; 0          ; 0            ; 0       ; 0         ; 0    ; 0            ; 0          ; |Synch_UpDown_Ctr_16bit|AND_2:\JK:14:andforQBar ; AND_2                  ; work         ;
;    |AND_2:\JK:14:andforQ|    ; 2 (2)               ; 0 (0)                     ; 0           ; 0          ; 0            ; 0       ; 0         ; 0    ; 0            ; 0          ; |Synch_UpDown_Ctr_16bit|AND_2:\JK:14:andforQ    ; AND_2                  ; work         ;
;    |AND_2:\JK:7:andforQBar|  ; 2 (2)               ; 0 (0)                     ; 0           ; 0          ; 0            ; 0       ; 0         ; 0    ; 0            ; 0          ; |Synch_UpDown_Ctr_16bit|AND_2:\JK:7:andforQBar  ; AND_2                  ; work         ;
;    |AND_2:\JK:7:andforQ|     ; 2 (2)               ; 0 (0)                     ; 0           ; 0          ; 0            ; 0       ; 0         ; 0    ; 0            ; 0          ; |Synch_UpDown_Ctr_16bit|AND_2:\JK:7:andforQ     ; AND_2                  ; work         ;
;    |JK_FlipFlop:JK0|         ; 6 (6)               ; 1 (1)                     ; 0           ; 0          ; 0            ; 0       ; 0         ; 0    ; 0            ; 0          ; |Synch_UpDown_Ctr_16bit|JK_FlipFlop:JK0         ; JK_FlipFlop            ; work         ;
;    |JK_FlipFlop:\JK:10:JK|   ; 3 (3)               ; 1 (1)                     ; 0           ; 0          ; 0            ; 0       ; 0         ; 0    ; 0            ; 0          ; |Synch_UpDown_Ctr_16bit|JK_FlipFlop:\JK:10:JK   ; JK_FlipFlop            ; work         ;
;    |JK_FlipFlop:\JK:11:JK|   ; 1 (1)               ; 1 (1)                     ; 0           ; 0          ; 0            ; 0       ; 0         ; 0    ; 0            ; 0          ; |Synch_UpDown_Ctr_16bit|JK_FlipFlop:\JK:11:JK   ; JK_FlipFlop            ; work         ;
;    |JK_FlipFlop:\JK:12:JK|   ; 3 (3)               ; 1 (1)                     ; 0           ; 0          ; 0            ; 0       ; 0         ; 0    ; 0            ; 0          ; |Synch_UpDown_Ctr_16bit|JK_FlipFlop:\JK:12:JK   ; JK_FlipFlop            ; work         ;
;    |JK_FlipFlop:\JK:13:JK|   ; 1 (1)               ; 1 (1)                     ; 0           ; 0          ; 0            ; 0       ; 0         ; 0    ; 0            ; 0          ; |Synch_UpDown_Ctr_16bit|JK_FlipFlop:\JK:13:JK   ; JK_FlipFlop            ; work         ;
;    |JK_FlipFlop:\JK:14:JK|   ; 1 (1)               ; 1 (1)                     ; 0           ; 0          ; 0            ; 0       ; 0         ; 0    ; 0            ; 0          ; |Synch_UpDown_Ctr_16bit|JK_FlipFlop:\JK:14:JK   ; JK_FlipFlop            ; work         ;
;    |JK_FlipFlop:\JK:15:JK|   ; 2 (2)               ; 1 (1)                     ; 0           ; 0          ; 0            ; 0       ; 0         ; 0    ; 0            ; 0          ; |Synch_UpDown_Ctr_16bit|JK_FlipFlop:\JK:15:JK   ; JK_FlipFlop            ; work         ;
;    |JK_FlipFlop:\JK:1:JK|    ; 1 (1)               ; 1 (1)                     ; 0           ; 0          ; 0            ; 0       ; 0         ; 0    ; 0            ; 0          ; |Synch_UpDown_Ctr_16bit|JK_FlipFlop:\JK:1:JK    ; JK_FlipFlop            ; work         ;
;    |JK_FlipFlop:\JK:2:JK|    ; 3 (3)               ; 1 (1)                     ; 0           ; 0          ; 0            ; 0       ; 0         ; 0    ; 0            ; 0          ; |Synch_UpDown_Ctr_16bit|JK_FlipFlop:\JK:2:JK    ; JK_FlipFlop            ; work         ;
;    |JK_FlipFlop:\JK:3:JK|    ; 2 (2)               ; 1 (1)                     ; 0           ; 0          ; 0            ; 0       ; 0         ; 0    ; 0            ; 0          ; |Synch_UpDown_Ctr_16bit|JK_FlipFlop:\JK:3:JK    ; JK_FlipFlop            ; work         ;
;    |JK_FlipFlop:\JK:4:JK|    ; 3 (3)               ; 1 (1)                     ; 0           ; 0          ; 0            ; 0       ; 0         ; 0    ; 0            ; 0          ; |Synch_UpDown_Ctr_16bit|JK_FlipFlop:\JK:4:JK    ; JK_FlipFlop            ; work         ;
;    |JK_FlipFlop:\JK:5:JK|    ; 1 (1)               ; 1 (1)                     ; 0           ; 0          ; 0            ; 0       ; 0         ; 0    ; 0            ; 0          ; |Synch_UpDown_Ctr_16bit|JK_FlipFlop:\JK:5:JK    ; JK_FlipFlop            ; work         ;
;    |JK_FlipFlop:\JK:6:JK|    ; 2 (2)               ; 1 (1)                     ; 0           ; 0          ; 0            ; 0       ; 0         ; 0    ; 0            ; 0          ; |Synch_UpDown_Ctr_16bit|JK_FlipFlop:\JK:6:JK    ; JK_FlipFlop            ; work         ;
;    |JK_FlipFlop:\JK:7:JK|    ; 1 (1)               ; 1 (1)                     ; 0           ; 0          ; 0            ; 0       ; 0         ; 0    ; 0            ; 0          ; |Synch_UpDown_Ctr_16bit|JK_FlipFlop:\JK:7:JK    ; JK_FlipFlop            ; work         ;
;    |JK_FlipFlop:\JK:8:JK|    ; 5 (5)               ; 1 (1)                     ; 0           ; 0          ; 0            ; 0       ; 0         ; 0    ; 0            ; 0          ; |Synch_UpDown_Ctr_16bit|JK_FlipFlop:\JK:8:JK    ; JK_FlipFlop            ; work         ;
;    |JK_FlipFlop:\JK:9:JK|    ; 2 (2)               ; 1 (1)                     ; 0           ; 0          ; 0            ; 0       ; 0         ; 0    ; 0            ; 0          ; |Synch_UpDown_Ctr_16bit|JK_FlipFlop:\JK:9:JK    ; JK_FlipFlop            ; work         ;
+------------------------------+---------------------+---------------------------+-------------+------------+--------------+---------+-----------+------+--------------+------------+-------------------------------------------------+------------------------+--------------+
Note: For table entries with two numbers listed, the numbers in parentheses indicate the number of resources of the given type used by the specific entity alone. The numbers listed outside of parentheses indicate the total resources of the given type used by the specific entity and all of its sub-entities in the hierarchy.


+------------------------------------------------------+
; General Register Statistics                          ;
+----------------------------------------------+-------+
; Statistic                                    ; Value ;
+----------------------------------------------+-------+
; Total registers                              ; 16    ;
; Number of registers using Synchronous Clear  ; 0     ;
; Number of registers using Synchronous Load   ; 0     ;
; Number of registers using Asynchronous Clear ; 1     ;
; Number of registers using Asynchronous Load  ; 0     ;
; Number of registers using Clock Enable       ; 2     ;
; Number of registers using Preset             ; 0     ;
+----------------------------------------------+-------+


+------------------------------------------------------------------------------------------------------------------+
; Port Connectivity Checks: "JK_FlipFlop:\JK:15:JK"                                                                ;
+--------+--------+----------+-------------------------------------------------------------------------------------+
; Port   ; Type   ; Severity ; Details                                                                             ;
+--------+--------+----------+-------------------------------------------------------------------------------------+
; preset ; Input  ; Info     ; Stuck at GND                                                                        ;
; reset  ; Input  ; Info     ; Stuck at GND                                                                        ;
; qbar   ; Output ; Info     ; Connected to dangling logic. Logic that only feeds a dangling port will be removed. ;
+--------+--------+----------+-------------------------------------------------------------------------------------+


+---------------------------------------------------+
; Port Connectivity Checks: "JK_FlipFlop:\JK:14:JK" ;
+--------+-------+----------+-----------------------+
; Port   ; Type  ; Severity ; Details               ;
+--------+-------+----------+-----------------------+
; preset ; Input ; Info     ; Stuck at GND          ;
; reset  ; Input ; Info     ; Stuck at GND          ;
+--------+-------+----------+-----------------------+


+---------------------------------------------------+
; Port Connectivity Checks: "JK_FlipFlop:\JK:13:JK" ;
+--------+-------+----------+-----------------------+
; Port   ; Type  ; Severity ; Details               ;
+--------+-------+----------+-----------------------+
; preset ; Input ; Info     ; Stuck at GND          ;
; reset  ; Input ; Info     ; Stuck at GND          ;
+--------+-------+----------+-----------------------+


+---------------------------------------------------+
; Port Connectivity Checks: "JK_FlipFlop:\JK:12:JK" ;
+--------+-------+----------+-----------------------+
; Port   ; Type  ; Severity ; Details               ;
+--------+-------+----------+-----------------------+
; preset ; Input ; Info     ; Stuck at GND          ;
; reset  ; Input ; Info     ; Stuck at GND          ;
+--------+-------+----------+-----------------------+


+---------------------------------------------------+
; Port Connectivity Checks: "JK_FlipFlop:\JK:11:JK" ;
+--------+-------+----------+-----------------------+
; Port   ; Type  ; Severity ; Details               ;
+--------+-------+----------+-----------------------+
; preset ; Input ; Info     ; Stuck at GND          ;
; reset  ; Input ; Info     ; Stuck at GND          ;
+--------+-------+----------+-----------------------+


+---------------------------------------------------+
; Port Connectivity Checks: "JK_FlipFlop:\JK:10:JK" ;
+--------+-------+----------+-----------------------+
; Port   ; Type  ; Severity ; Details               ;
+--------+-------+----------+-----------------------+
; preset ; Input ; Info     ; Stuck at GND          ;
; reset  ; Input ; Info     ; Stuck at GND          ;
+--------+-------+----------+-----------------------+


+--------------------------------------------------+
; Port Connectivity Checks: "JK_FlipFlop:\JK:9:JK" ;
+--------+-------+----------+----------------------+
; Port   ; Type  ; Severity ; Details              ;
+--------+-------+----------+----------------------+
; preset ; Input ; Info     ; Stuck at GND         ;
; reset  ; Input ; Info     ; Stuck at GND         ;
+--------+-------+----------+----------------------+


+--------------------------------------------------+
; Port Connectivity Checks: "JK_FlipFlop:\JK:8:JK" ;
+--------+-------+----------+----------------------+
; Port   ; Type  ; Severity ; Details              ;
+--------+-------+----------+----------------------+
; preset ; Input ; Info     ; Stuck at GND         ;
; reset  ; Input ; Info     ; Stuck at GND         ;
+--------+-------+----------+----------------------+


+--------------------------------------------------+
; Port Connectivity Checks: "JK_FlipFlop:\JK:7:JK" ;
+--------+-------+----------+----------------------+
; Port   ; Type  ; Severity ; Details              ;
+--------+-------+----------+----------------------+
; preset ; Input ; Info     ; Stuck at GND         ;
; reset  ; Input ; Info     ; Stuck at GND         ;
+--------+-------+----------+----------------------+


+--------------------------------------------------+
; Port Connectivity Checks: "JK_FlipFlop:\JK:6:JK" ;
+--------+-------+----------+----------------------+
; Port   ; Type  ; Severity ; Details              ;
+--------+-------+----------+----------------------+
; preset ; Input ; Info     ; Stuck at GND         ;
; reset  ; Input ; Info     ; Stuck at GND         ;
+--------+-------+----------+----------------------+


+--------------------------------------------------+
; Port Connectivity Checks: "JK_FlipFlop:\JK:5:JK" ;
+--------+-------+----------+----------------------+
; Port   ; Type  ; Severity ; Details              ;
+--------+-------+----------+----------------------+
; preset ; Input ; Info     ; Stuck at GND         ;
; reset  ; Input ; Info     ; Stuck at GND         ;
+--------+-------+----------+----------------------+


+--------------------------------------------------+
; Port Connectivity Checks: "JK_FlipFlop:\JK:4:JK" ;
+--------+-------+----------+----------------------+
; Port   ; Type  ; Severity ; Details              ;
+--------+-------+----------+----------------------+
; preset ; Input ; Info     ; Stuck at GND         ;
; reset  ; Input ; Info     ; Stuck at GND         ;
+--------+-------+----------+----------------------+


+--------------------------------------------------+
; Port Connectivity Checks: "JK_FlipFlop:\JK:3:JK" ;
+--------+-------+----------+----------------------+
; Port   ; Type  ; Severity ; Details              ;
+--------+-------+----------+----------------------+
; preset ; Input ; Info     ; Stuck at GND         ;
; reset  ; Input ; Info     ; Stuck at GND         ;
+--------+-------+----------+----------------------+


+--------------------------------------------------+
; Port Connectivity Checks: "JK_FlipFlop:\JK:2:JK" ;
+--------+-------+----------+----------------------+
; Port   ; Type  ; Severity ; Details              ;
+--------+-------+----------+----------------------+
; preset ; Input ; Info     ; Stuck at GND         ;
; reset  ; Input ; Info     ; Stuck at GND         ;
+--------+-------+----------+----------------------+


+--------------------------------------------------+
; Port Connectivity Checks: "JK_FlipFlop:\JK:1:JK" ;
+--------+-------+----------+----------------------+
; Port   ; Type  ; Severity ; Details              ;
+--------+-------+----------+----------------------+
; preset ; Input ; Info     ; Stuck at GND         ;
; reset  ; Input ; Info     ; Stuck at GND         ;
+--------+-------+----------+----------------------+


+-----------------------------------------------------+
; Post-Synthesis Netlist Statistics for Top Partition ;
+-----------------------+-----------------------------+
; Type                  ; Count                       ;
+-----------------------+-----------------------------+
; boundary_port         ; 21                          ;
; cycloneiii_ff         ; 16                          ;
;     ENA               ; 1                           ;
;     ENA CLR           ; 1                           ;
;     plain             ; 14                          ;
; cycloneiii_lcell_comb ; 45                          ;
;     normal            ; 45                          ;
;         2 data inputs ; 7                           ;
;         3 data inputs ; 13                          ;
;         4 data inputs ; 25                          ;
;                       ;                             ;
; Max LUT depth         ; 7.00                        ;
; Average LUT depth     ; 5.15                        ;
+-----------------------+-----------------------------+


+-------------------------------+
; Elapsed Time Per Partition    ;
+----------------+--------------+
; Partition Name ; Elapsed Time ;
+----------------+--------------+
; Top            ; 00:00:00     ;
+----------------+--------------+


+-------------------------------+
; Analysis & Synthesis Messages ;
+-------------------------------+
Info: *******************************************************************
Info: Running Quartus Prime Analysis & Synthesis
    Info: Version 18.1.0 Build 625 09/12/2018 SJ Lite Edition
    Info: Processing started: Tue Nov 07 16:01:11 2023
Info: Command: quartus_map --read_settings_files=on --write_settings_files=off Synch_UpDown_Ctr_16bit -c Synch_UpDown_Ctr_16bit
Warning (18236): Number of processors has not been specified which may cause overloading on shared machines.  Set the global assignment NUM_PARALLEL_PROCESSORS in your QSF to an appropriate value for best performance.
Info (20030): Parallel compilation is enabled and will use 16 of the 16 processors detected
Info (12021): Found 2 design units, including 1 entities, in source file jk_flipflop.vhdl
    Info (12022): Found design unit 1: JK_FlipFlop-Behav File: C:/Users/ASUS/OneDrive - Indian Institute of Technology Bombay/ACADS/SEMESTER-3/EE-214/Practice_Problems/Level-III/Synch_UpDown_Ctr_16bit/JK_FlipFlop.vhdl Line: 12
    Info (12023): Found entity 1: JK_FlipFlop File: C:/Users/ASUS/OneDrive - Indian Institute of Technology Bombay/ACADS/SEMESTER-3/EE-214/Practice_Problems/Level-III/Synch_UpDown_Ctr_16bit/JK_FlipFlop.vhdl Line: 4
Info (12021): Found 41 design units, including 20 entities, in source file gates.vhdl
    Info (12022): Found design unit 1: Gates File: C:/Users/ASUS/OneDrive - Indian Institute of Technology Bombay/ACADS/SEMESTER-3/EE-214/Practice_Problems/Level-III/Synch_UpDown_Ctr_16bit/Gates.vhdl Line: 3
    Info (12022): Found design unit 2: INVERTER-Equations File: C:/Users/ASUS/OneDrive - Indian Institute of Technology Bombay/ACADS/SEMESTER-3/EE-214/Practice_Problems/Level-III/Synch_UpDown_Ctr_16bit/Gates.vhdl Line: 98
    Info (12022): Found design unit 3: AND_2-Equations File: C:/Users/ASUS/OneDrive - Indian Institute of Technology Bombay/ACADS/SEMESTER-3/EE-214/Practice_Problems/Level-III/Synch_UpDown_Ctr_16bit/Gates.vhdl Line: 110
    Info (12022): Found design unit 4: AND_3-Equations File: C:/Users/ASUS/OneDrive - Indian Institute of Technology Bombay/ACADS/SEMESTER-3/EE-214/Practice_Problems/Level-III/Synch_UpDown_Ctr_16bit/Gates.vhdl Line: 121
    Info (12022): Found design unit 5: AND_4-Equations File: C:/Users/ASUS/OneDrive - Indian Institute of Technology Bombay/ACADS/SEMESTER-3/EE-214/Practice_Problems/Level-III/Synch_UpDown_Ctr_16bit/Gates.vhdl Line: 132
    Info (12022): Found design unit 6: NAND_2-Equations File: C:/Users/ASUS/OneDrive - Indian Institute of Technology Bombay/ACADS/SEMESTER-3/EE-214/Practice_Problems/Level-III/Synch_UpDown_Ctr_16bit/Gates.vhdl Line: 143
    Info (12022): Found design unit 7: NAND_3-Equations File: C:/Users/ASUS/OneDrive - Indian Institute of Technology Bombay/ACADS/SEMESTER-3/EE-214/Practice_Problems/Level-III/Synch_UpDown_Ctr_16bit/Gates.vhdl Line: 154
    Info (12022): Found design unit 8: NAND_4-Equations File: C:/Users/ASUS/OneDrive - Indian Institute of Technology Bombay/ACADS/SEMESTER-3/EE-214/Practice_Problems/Level-III/Synch_UpDown_Ctr_16bit/Gates.vhdl Line: 165
    Info (12022): Found design unit 9: OR_2-Equations File: C:/Users/ASUS/OneDrive - Indian Institute of Technology Bombay/ACADS/SEMESTER-3/EE-214/Practice_Problems/Level-III/Synch_UpDown_Ctr_16bit/Gates.vhdl Line: 176
    Info (12022): Found design unit 10: OR_3-Equations File: C:/Users/ASUS/OneDrive - Indian Institute of Technology Bombay/ACADS/SEMESTER-3/EE-214/Practice_Problems/Level-III/Synch_UpDown_Ctr_16bit/Gates.vhdl Line: 187
    Info (12022): Found design unit 11: OR_4-Equations File: C:/Users/ASUS/OneDrive - Indian Institute of Technology Bombay/ACADS/SEMESTER-3/EE-214/Practice_Problems/Level-III/Synch_UpDown_Ctr_16bit/Gates.vhdl Line: 198
    Info (12022): Found design unit 12: NOR_2-Equations File: C:/Users/ASUS/OneDrive - Indian Institute of Technology Bombay/ACADS/SEMESTER-3/EE-214/Practice_Problems/Level-III/Synch_UpDown_Ctr_16bit/Gates.vhdl Line: 209
    Info (12022): Found design unit 13: NOR_3-Equations File: C:/Users/ASUS/OneDrive - Indian Institute of Technology Bombay/ACADS/SEMESTER-3/EE-214/Practice_Problems/Level-III/Synch_UpDown_Ctr_16bit/Gates.vhdl Line: 220
    Info (12022): Found design unit 14: NOR_4-Equations File: C:/Users/ASUS/OneDrive - Indian Institute of Technology Bombay/ACADS/SEMESTER-3/EE-214/Practice_Problems/Level-III/Synch_UpDown_Ctr_16bit/Gates.vhdl Line: 232
    Info (12022): Found design unit 15: XOR_2-Equations File: C:/Users/ASUS/OneDrive - Indian Institute of Technology Bombay/ACADS/SEMESTER-3/EE-214/Practice_Problems/Level-III/Synch_UpDown_Ctr_16bit/Gates.vhdl Line: 244
    Info (12022): Found design unit 16: XOR_3-Equations File: C:/Users/ASUS/OneDrive - Indian Institute of Technology Bombay/ACADS/SEMESTER-3/EE-214/Practice_Problems/Level-III/Synch_UpDown_Ctr_16bit/Gates.vhdl Line: 255
    Info (12022): Found design unit 17: XOR_4-Equations File: C:/Users/ASUS/OneDrive - Indian Institute of Technology Bombay/ACADS/SEMESTER-3/EE-214/Practice_Problems/Level-III/Synch_UpDown_Ctr_16bit/Gates.vhdl Line: 266
    Info (12022): Found design unit 18: XNOR_2-Equations File: C:/Users/ASUS/OneDrive - Indian Institute of Technology Bombay/ACADS/SEMESTER-3/EE-214/Practice_Problems/Level-III/Synch_UpDown_Ctr_16bit/Gates.vhdl Line: 277
    Info (12022): Found design unit 19: XNOR_3-Equations File: C:/Users/ASUS/OneDrive - Indian Institute of Technology Bombay/ACADS/SEMESTER-3/EE-214/Practice_Problems/Level-III/Synch_UpDown_Ctr_16bit/Gates.vhdl Line: 288
    Info (12022): Found design unit 20: XNOR_4-Equations File: C:/Users/ASUS/OneDrive - Indian Institute of Technology Bombay/ACADS/SEMESTER-3/EE-214/Practice_Problems/Level-III/Synch_UpDown_Ctr_16bit/Gates.vhdl Line: 299
    Info (12022): Found design unit 21: HALF_ADDER-Equations File: C:/Users/ASUS/OneDrive - Indian Institute of Technology Bombay/ACADS/SEMESTER-3/EE-214/Practice_Problems/Level-III/Synch_UpDown_Ctr_16bit/Gates.vhdl Line: 310
    Info (12023): Found entity 1: INVERTER File: C:/Users/ASUS/OneDrive - Indian Institute of Technology Bombay/ACADS/SEMESTER-3/EE-214/Practice_Problems/Level-III/Synch_UpDown_Ctr_16bit/Gates.vhdl Line: 94
    Info (12023): Found entity 2: AND_2 File: C:/Users/ASUS/OneDrive - Indian Institute of Technology Bombay/ACADS/SEMESTER-3/EE-214/Practice_Problems/Level-III/Synch_UpDown_Ctr_16bit/Gates.vhdl Line: 106
    Info (12023): Found entity 3: AND_3 File: C:/Users/ASUS/OneDrive - Indian Institute of Technology Bombay/ACADS/SEMESTER-3/EE-214/Practice_Problems/Level-III/Synch_UpDown_Ctr_16bit/Gates.vhdl Line: 117
    Info (12023): Found entity 4: AND_4 File: C:/Users/ASUS/OneDrive - Indian Institute of Technology Bombay/ACADS/SEMESTER-3/EE-214/Practice_Problems/Level-III/Synch_UpDown_Ctr_16bit/Gates.vhdl Line: 128
    Info (12023): Found entity 5: NAND_2 File: C:/Users/ASUS/OneDrive - Indian Institute of Technology Bombay/ACADS/SEMESTER-3/EE-214/Practice_Problems/Level-III/Synch_UpDown_Ctr_16bit/Gates.vhdl Line: 139
    Info (12023): Found entity 6: NAND_3 File: C:/Users/ASUS/OneDrive - Indian Institute of Technology Bombay/ACADS/SEMESTER-3/EE-214/Practice_Problems/Level-III/Synch_UpDown_Ctr_16bit/Gates.vhdl Line: 150
    Info (12023): Found entity 7: NAND_4 File: C:/Users/ASUS/OneDrive - Indian Institute of Technology Bombay/ACADS/SEMESTER-3/EE-214/Practice_Problems/Level-III/Synch_UpDown_Ctr_16bit/Gates.vhdl Line: 161
    Info (12023): Found entity 8: OR_2 File: C:/Users/ASUS/OneDrive - Indian Institute of Technology Bombay/ACADS/SEMESTER-3/EE-214/Practice_Problems/Level-III/Synch_UpDown_Ctr_16bit/Gates.vhdl Line: 172
    Info (12023): Found entity 9: OR_3 File: C:/Users/ASUS/OneDrive - Indian Institute of Technology Bombay/ACADS/SEMESTER-3/EE-214/Practice_Problems/Level-III/Synch_UpDown_Ctr_16bit/Gates.vhdl Line: 183
    Info (12023): Found entity 10: OR_4 File: C:/Users/ASUS/OneDrive - Indian Institute of Technology Bombay/ACADS/SEMESTER-3/EE-214/Practice_Problems/Level-III/Synch_UpDown_Ctr_16bit/Gates.vhdl Line: 194
    Info (12023): Found entity 11: NOR_2 File: C:/Users/ASUS/OneDrive - Indian Institute of Technology Bombay/ACADS/SEMESTER-3/EE-214/Practice_Problems/Level-III/Synch_UpDown_Ctr_16bit/Gates.vhdl Line: 205
    Info (12023): Found entity 12: NOR_3 File: C:/Users/ASUS/OneDrive - Indian Institute of Technology Bombay/ACADS/SEMESTER-3/EE-214/Practice_Problems/Level-III/Synch_UpDown_Ctr_16bit/Gates.vhdl Line: 216
    Info (12023): Found entity 13: NOR_4 File: C:/Users/ASUS/OneDrive - Indian Institute of Technology Bombay/ACADS/SEMESTER-3/EE-214/Practice_Problems/Level-III/Synch_UpDown_Ctr_16bit/Gates.vhdl Line: 228
    Info (12023): Found entity 14: XOR_2 File: C:/Users/ASUS/OneDrive - Indian Institute of Technology Bombay/ACADS/SEMESTER-3/EE-214/Practice_Problems/Level-III/Synch_UpDown_Ctr_16bit/Gates.vhdl Line: 240
    Info (12023): Found entity 15: XOR_3 File: C:/Users/ASUS/OneDrive - Indian Institute of Technology Bombay/ACADS/SEMESTER-3/EE-214/Practice_Problems/Level-III/Synch_UpDown_Ctr_16bit/Gates.vhdl Line: 251
    Info (12023): Found entity 16: XOR_4 File: C:/Users/ASUS/OneDrive - Indian Institute of Technology Bombay/ACADS/SEMESTER-3/EE-214/Practice_Problems/Level-III/Synch_UpDown_Ctr_16bit/Gates.vhdl Line: 262
    Info (12023): Found entity 17: XNOR_2 File: C:/Users/ASUS/OneDrive - Indian Institute of Technology Bombay/ACADS/SEMESTER-3/EE-214/Practice_Problems/Level-III/Synch_UpDown_Ctr_16bit/Gates.vhdl Line: 273
    Info (12023): Found entity 18: XNOR_3 File: C:/Users/ASUS/OneDrive - Indian Institute of Technology Bombay/ACADS/SEMESTER-3/EE-214/Practice_Problems/Level-III/Synch_UpDown_Ctr_16bit/Gates.vhdl Line: 284
    Info (12023): Found entity 19: XNOR_4 File: C:/Users/ASUS/OneDrive - Indian Institute of Technology Bombay/ACADS/SEMESTER-3/EE-214/Practice_Problems/Level-III/Synch_UpDown_Ctr_16bit/Gates.vhdl Line: 295
    Info (12023): Found entity 20: HALF_ADDER File: C:/Users/ASUS/OneDrive - Indian Institute of Technology Bombay/ACADS/SEMESTER-3/EE-214/Practice_Problems/Level-III/Synch_UpDown_Ctr_16bit/Gates.vhdl Line: 306
Info (12021): Found 2 design units, including 1 entities, in source file synch_updown_ctr_16bit.vhdl
    Info (12022): Found design unit 1: Synch_UpDown_Ctr_16bit-STRUCT File: C:/Users/ASUS/OneDrive - Indian Institute of Technology Bombay/ACADS/SEMESTER-3/EE-214/Practice_Problems/Level-III/Synch_UpDown_Ctr_16bit/Synch_UpDown_Ctr_16bit.vhdl Line: 11
    Info (12023): Found entity 1: Synch_UpDown_Ctr_16bit File: C:/Users/ASUS/OneDrive - Indian Institute of Technology Bombay/ACADS/SEMESTER-3/EE-214/Practice_Problems/Level-III/Synch_UpDown_Ctr_16bit/Synch_UpDown_Ctr_16bit.vhdl Line: 6
Info (12021): Found 2 design units, including 1 entities, in source file testbench.vhdl
    Info (12022): Found design unit 1: Testbench-TB_BHV File: C:/Users/ASUS/OneDrive - Indian Institute of Technology Bombay/ACADS/SEMESTER-3/EE-214/Practice_Problems/Level-III/Synch_UpDown_Ctr_16bit/Testbench.vhdl Line: 7
    Info (12023): Found entity 1: Testbench File: C:/Users/ASUS/OneDrive - Indian Institute of Technology Bombay/ACADS/SEMESTER-3/EE-214/Practice_Problems/Level-III/Synch_UpDown_Ctr_16bit/Testbench.vhdl Line: 4
Info (12127): Elaborating entity "Synch_UpDown_Ctr_16bit" for the top level hierarchy
Info (12128): Elaborating entity "JK_FlipFlop" for hierarchy "JK_FlipFlop:JK0" File: C:/Users/ASUS/OneDrive - Indian Institute of Technology Bombay/ACADS/SEMESTER-3/EE-214/Practice_Problems/Level-III/Synch_UpDown_Ctr_16bit/Synch_UpDown_Ctr_16bit.vhdl Line: 27
Info (12128): Elaborating entity "AND_2" for hierarchy "AND_2:\JK:1:andforQ" File: C:/Users/ASUS/OneDrive - Indian Institute of Technology Bombay/ACADS/SEMESTER-3/EE-214/Practice_Problems/Level-III/Synch_UpDown_Ctr_16bit/Synch_UpDown_Ctr_16bit.vhdl Line: 39
Info (12128): Elaborating entity "OR_2" for hierarchy "OR_2:\JK:1:ORfeedingJK" File: C:/Users/ASUS/OneDrive - Indian Institute of Technology Bombay/ACADS/SEMESTER-3/EE-214/Practice_Problems/Level-III/Synch_UpDown_Ctr_16bit/Synch_UpDown_Ctr_16bit.vhdl Line: 45
Warning (13004): Presettable and clearable registers converted to equivalent circuits with latches. Registers power-up to an undefined state, and DEVCLRn places the registers in an undefined state.
    Warning (13310): Register "JK_FlipFlop:JK0|temp" is converted into an equivalent circuit using register "JK_FlipFlop:JK0|temp~_emulated" and latch "JK_FlipFlop:JK0|temp~1" File: C:/Users/ASUS/OneDrive - Indian Institute of Technology Bombay/ACADS/SEMESTER-3/EE-214/Practice_Problems/Level-III/Synch_UpDown_Ctr_16bit/JK_FlipFlop.vhdl Line: 20
Info (286030): Timing-Driven Synthesis is running
Info (16010): Generating hard_block partition "hard_block:auto_generated_inst"
    Info (16011): Adding 0 node(s), including 0 DDIO, 0 PLL, 0 transceiver and 0 LCELL
Info (21057): Implemented 66 device resources after synthesis - the final resource count might be different
    Info (21058): Implemented 5 input pins
    Info (21059): Implemented 16 output pins
    Info (21061): Implemented 45 logic cells
Info: Quartus Prime Analysis & Synthesis was successful. 0 errors, 3 warnings
    Info: Peak virtual memory: 4854 megabytes
    Info: Processing ended: Tue Nov 07 16:01:21 2023
    Info: Elapsed time: 00:00:10
    Info: Total CPU time (on all processors): 00:00:09


