Analysis & Elaboration report for DUT
Tue Sep 26 23:03:38 2023
Quartus Prime Version 18.1.0 Build 625 09/12/2018 SJ Lite Edition


---------------------
; Table of Contents ;
---------------------
  1. Legal Notice
  2. Analysis & Elaboration Summary
  3. Parallel Compilation
  4. Analysis & Elaboration Settings
  5. Port Connectivity Checks: "compare_fourbit:add_instance|Fourbit_AdderSubtractor:Subtract"
  6. Analysis & Elaboration Messages



----------------
; Legal Notice ;
----------------
Copyright (C) 2018  Intel Corporation. All rights reserved.
Your use of Intel Corporation's design tools, logic functions 
and other software and tools, and its AMPP partner logic 
functions, and any output files from any of the foregoing 
(including device programming or simulation files), and any 
associated documentation or information are expressly subject 
to the terms and conditions of the Intel Program License 
Subscription Agreement, the Intel Quartus Prime License Agreement,
the Intel FPGA IP License Agreement, or other applicable license
agreement, including, without limitation, that your use is for
the sole purpose of programming logic devices manufactured by
Intel and sold by Intel or its authorized distributors.  Please
refer to the applicable agreement for further details.



+----------------------------------------------------------------------------------+
; Analysis & Elaboration Summary                                                   ;
+------------------------------------+---------------------------------------------+
; Analysis & Elaboration Status      ; Successful - Tue Sep 26 23:03:38 2023       ;
; Quartus Prime Version              ; 18.1.0 Build 625 09/12/2018 SJ Lite Edition ;
; Revision Name                      ; DUT                                         ;
; Top-level Entity Name              ; DUT                                         ;
; Family                             ; MAX 10                                      ;
; Total logic elements               ; N/A until Partition Merge                   ;
;     Total combinational functions  ; N/A until Partition Merge                   ;
;     Dedicated logic registers      ; N/A until Partition Merge                   ;
; Total registers                    ; N/A until Partition Merge                   ;
; Total pins                         ; N/A until Partition Merge                   ;
; Total virtual pins                 ; N/A until Partition Merge                   ;
; Total memory bits                  ; N/A until Partition Merge                   ;
; Embedded Multiplier 9-bit elements ; N/A until Partition Merge                   ;
; Total PLLs                         ; N/A until Partition Merge                   ;
; UFM blocks                         ; N/A until Partition Merge                   ;
; ADC blocks                         ; N/A until Partition Merge                   ;
+------------------------------------+---------------------------------------------+


+------------------------------------------+
; Parallel Compilation                     ;
+----------------------------+-------------+
; Processors                 ; Number      ;
+----------------------------+-------------+
; Number detected on machine ; 16          ;
; Maximum allowed            ; 16          ;
;                            ;             ;
; Average used               ; 1.00        ;
; Maximum used               ; 1           ;
;                            ;             ;
; Usage by Processor         ; % Time Used ;
;     Processor 1            ; 100.0%      ;
+----------------------------+-------------+


+------------------------------------------------------------------------------------------------------------+
; Analysis & Elaboration Settings                                                                            ;
+------------------------------------------------------------------+--------------------+--------------------+
; Option                                                           ; Setting            ; Default Value      ;
+------------------------------------------------------------------+--------------------+--------------------+
; Device                                                           ; 10M25SAE144C8G     ;                    ;
; Top-level entity name                                            ; DUT                ; DUT                ;
; Family name                                                      ; MAX 10             ; Cyclone V          ;
; Use smart compilation                                            ; Off                ; Off                ;
; Enable parallel Assembler and Timing Analyzer during compilation ; On                 ; On                 ;
; Enable compact report table                                      ; Off                ; Off                ;
; Restructure Multiplexers                                         ; Auto               ; Auto               ;
; Create Debugging Nodes for IP Cores                              ; Off                ; Off                ;
; Preserve fewer node names                                        ; On                 ; On                 ;
; Intel FPGA IP Evaluation Mode                                    ; Enable             ; Enable             ;
; Verilog Version                                                  ; Verilog_2001       ; Verilog_2001       ;
; VHDL Version                                                     ; VHDL_1993          ; VHDL_1993          ;
; State Machine Processing                                         ; Auto               ; Auto               ;
; Safe State Machine                                               ; Off                ; Off                ;
; Extract Verilog State Machines                                   ; On                 ; On                 ;
; Extract VHDL State Machines                                      ; On                 ; On                 ;
; Ignore Verilog initial constructs                                ; Off                ; Off                ;
; Iteration limit for constant Verilog loops                       ; 5000               ; 5000               ;
; Iteration limit for non-constant Verilog loops                   ; 250                ; 250                ;
; Add Pass-Through Logic to Inferred RAMs                          ; On                 ; On                 ;
; Infer RAMs from Raw Logic                                        ; On                 ; On                 ;
; Parallel Synthesis                                               ; On                 ; On                 ;
; DSP Block Balancing                                              ; Auto               ; Auto               ;
; NOT Gate Push-Back                                               ; On                 ; On                 ;
; Power-Up Don't Care                                              ; On                 ; On                 ;
; Remove Redundant Logic Cells                                     ; Off                ; Off                ;
; Remove Duplicate Registers                                       ; On                 ; On                 ;
; Ignore CARRY Buffers                                             ; Off                ; Off                ;
; Ignore CASCADE Buffers                                           ; Off                ; Off                ;
; Ignore GLOBAL Buffers                                            ; Off                ; Off                ;
; Ignore ROW GLOBAL Buffers                                        ; Off                ; Off                ;
; Ignore LCELL Buffers                                             ; Off                ; Off                ;
; Ignore SOFT Buffers                                              ; On                 ; On                 ;
; Limit AHDL Integers to 32 Bits                                   ; Off                ; Off                ;
; Optimization Technique                                           ; Balanced           ; Balanced           ;
; Carry Chain Length                                               ; 70                 ; 70                 ;
; Auto Carry Chains                                                ; On                 ; On                 ;
; Auto Open-Drain Pins                                             ; On                 ; On                 ;
; Perform WYSIWYG Primitive Resynthesis                            ; Off                ; Off                ;
; Auto ROM Replacement                                             ; On                 ; On                 ;
; Auto RAM Replacement                                             ; On                 ; On                 ;
; Auto DSP Block Replacement                                       ; On                 ; On                 ;
; Auto Shift Register Replacement                                  ; Auto               ; Auto               ;
; Allow Shift Register Merging across Hierarchies                  ; Auto               ; Auto               ;
; Auto Clock Enable Replacement                                    ; On                 ; On                 ;
; Strict RAM Replacement                                           ; Off                ; Off                ;
; Allow Synchronous Control Signals                                ; On                 ; On                 ;
; Force Use of Synchronous Clear Signals                           ; Off                ; Off                ;
; Auto RAM Block Balancing                                         ; On                 ; On                 ;
; Auto RAM to Logic Cell Conversion                                ; Off                ; Off                ;
; Auto Resource Sharing                                            ; Off                ; Off                ;
; Allow Any RAM Size For Recognition                               ; Off                ; Off                ;
; Allow Any ROM Size For Recognition                               ; Off                ; Off                ;
; Allow Any Shift Register Size For Recognition                    ; Off                ; Off                ;
; Use LogicLock Constraints during Resource Balancing              ; On                 ; On                 ;
; Ignore translate_off and synthesis_off directives                ; Off                ; Off                ;
; Timing-Driven Synthesis                                          ; On                 ; On                 ;
; Report Parameter Settings                                        ; On                 ; On                 ;
; Report Source Assignments                                        ; On                 ; On                 ;
; Report Connectivity Checks                                       ; On                 ; On                 ;
; Ignore Maximum Fan-Out Assignments                               ; Off                ; Off                ;
; Synchronization Register Chain Length                            ; 2                  ; 2                  ;
; Power Optimization During Synthesis                              ; Normal compilation ; Normal compilation ;
; HDL message level                                                ; Level2             ; Level2             ;
; Suppress Register Optimization Related Messages                  ; Off                ; Off                ;
; Number of Removed Registers Reported in Synthesis Report         ; 5000               ; 5000               ;
; Number of Swept Nodes Reported in Synthesis Report               ; 5000               ; 5000               ;
; Number of Inverted Registers Reported in Synthesis Report        ; 100                ; 100                ;
; Clock MUX Protection                                             ; On                 ; On                 ;
; Auto Gated Clock Conversion                                      ; Off                ; Off                ;
; Block Design Naming                                              ; Auto               ; Auto               ;
; SDC constraint protection                                        ; Off                ; Off                ;
; Synthesis Effort                                                 ; Auto               ; Auto               ;
; Shift Register Replacement - Allow Asynchronous Clear Signal     ; On                 ; On                 ;
; Pre-Mapping Resynthesis Optimization                             ; Off                ; Off                ;
; Analysis & Synthesis Message Level                               ; Medium             ; Medium             ;
; Disable Register Merging Across Hierarchies                      ; Auto               ; Auto               ;
; Resource Aware Inference For Block RAM                           ; On                 ; On                 ;
+------------------------------------------------------------------+--------------------+--------------------+


+----------------------------------------------------------------------------------------------------------------+
; Port Connectivity Checks: "compare_fourbit:add_instance|Fourbit_AdderSubtractor:Subtract"                      ;
+------+--------+----------+-------------------------------------------------------------------------------------+
; Port ; Type   ; Severity ; Details                                                                             ;
+------+--------+----------+-------------------------------------------------------------------------------------+
; m    ; Input  ; Info     ; Stuck at VCC                                                                        ;
; cout ; Output ; Info     ; Connected to dangling logic. Logic that only feeds a dangling port will be removed. ;
+------+--------+----------+-------------------------------------------------------------------------------------+


+---------------------------------+
; Analysis & Elaboration Messages ;
+---------------------------------+
Info: *******************************************************************
Info: Running Quartus Prime Analysis & Elaboration
    Info: Version 18.1.0 Build 625 09/12/2018 SJ Lite Edition
    Info: Processing started: Tue Sep 26 23:03:29 2023
Info: Command: quartus_map --read_settings_files=on --write_settings_files=off midsem_2022 -c DUT --analysis_and_elaboration
Warning (18236): Number of processors has not been specified which may cause overloading on shared machines.  Set the global assignment NUM_PARALLEL_PROCESSORS in your QSF to an appropriate value for best performance.
Info (20030): Parallel compilation is enabled and will use 16 of the 16 processors detected
Info (12021): Found 2 design units, including 1 entities, in source file full_adder.vhdl
    Info (12022): Found design unit 1: Full_adder-Struct File: C:/Users/ASUS/OneDrive - Indian Institute of Technology Bombay/ACADS/SEMESTER-3/EE-214/PRACTICE/midsem_2022/Full_adder.vhdl Line: 10
    Info (12023): Found entity 1: Full_adder File: C:/Users/ASUS/OneDrive - Indian Institute of Technology Bombay/ACADS/SEMESTER-3/EE-214/PRACTICE/midsem_2022/Full_adder.vhdl Line: 6
Info (12021): Found 2 design units, including 1 entities, in source file 4-bit_adder-subtractor.vhdl
    Info (12022): Found design unit 1: Fourbit_AdderSubtractor-Struct File: C:/Users/ASUS/OneDrive - Indian Institute of Technology Bombay/ACADS/SEMESTER-3/EE-214/PRACTICE/midsem_2022/4-bit_Adder-Subtractor.vhdl Line: 10
    Info (12023): Found entity 1: Fourbit_AdderSubtractor File: C:/Users/ASUS/OneDrive - Indian Institute of Technology Bombay/ACADS/SEMESTER-3/EE-214/PRACTICE/midsem_2022/4-bit_Adder-Subtractor.vhdl Line: 6
Info (12021): Found 2 design units, including 1 entities, in source file toplevel.vhdl
    Info (12022): Found design unit 1: TopLevel-Struct File: C:/Users/ASUS/OneDrive - Indian Institute of Technology Bombay/ACADS/SEMESTER-3/EE-214/PRACTICE/midsem_2022/TopLevel.vhdl Line: 13
    Info (12023): Found entity 1: TopLevel File: C:/Users/ASUS/OneDrive - Indian Institute of Technology Bombay/ACADS/SEMESTER-3/EE-214/PRACTICE/midsem_2022/TopLevel.vhdl Line: 5
Info (12021): Found 2 design units, including 1 entities, in source file testbench.vhdl
    Info (12022): Found design unit 1: Testbench-Behave File: C:/Users/ASUS/OneDrive - Indian Institute of Technology Bombay/ACADS/SEMESTER-3/EE-214/PRACTICE/midsem_2022/Testbench.vhdl Line: 9
    Info (12023): Found entity 1: Testbench File: C:/Users/ASUS/OneDrive - Indian Institute of Technology Bombay/ACADS/SEMESTER-3/EE-214/PRACTICE/midsem_2022/Testbench.vhdl Line: 7
Info (12021): Found 41 design units, including 20 entities, in source file gates.vhdl
    Info (12022): Found design unit 1: Gates File: C:/Users/ASUS/OneDrive - Indian Institute of Technology Bombay/ACADS/SEMESTER-3/EE-214/PRACTICE/midsem_2022/Gates.vhdl Line: 3
    Info (12022): Found design unit 2: INVERTER-Equations File: C:/Users/ASUS/OneDrive - Indian Institute of Technology Bombay/ACADS/SEMESTER-3/EE-214/PRACTICE/midsem_2022/Gates.vhdl Line: 98
    Info (12022): Found design unit 3: AND_2-Equations File: C:/Users/ASUS/OneDrive - Indian Institute of Technology Bombay/ACADS/SEMESTER-3/EE-214/PRACTICE/midsem_2022/Gates.vhdl Line: 110
    Info (12022): Found design unit 4: AND_3-Equations File: C:/Users/ASUS/OneDrive - Indian Institute of Technology Bombay/ACADS/SEMESTER-3/EE-214/PRACTICE/midsem_2022/Gates.vhdl Line: 121
    Info (12022): Found design unit 5: AND_4-Equations File: C:/Users/ASUS/OneDrive - Indian Institute of Technology Bombay/ACADS/SEMESTER-3/EE-214/PRACTICE/midsem_2022/Gates.vhdl Line: 132
    Info (12022): Found design unit 6: NAND_2-Equations File: C:/Users/ASUS/OneDrive - Indian Institute of Technology Bombay/ACADS/SEMESTER-3/EE-214/PRACTICE/midsem_2022/Gates.vhdl Line: 143
    Info (12022): Found design unit 7: NAND_3-Equations File: C:/Users/ASUS/OneDrive - Indian Institute of Technology Bombay/ACADS/SEMESTER-3/EE-214/PRACTICE/midsem_2022/Gates.vhdl Line: 154
    Info (12022): Found design unit 8: NAND_4-Equations File: C:/Users/ASUS/OneDrive - Indian Institute of Technology Bombay/ACADS/SEMESTER-3/EE-214/PRACTICE/midsem_2022/Gates.vhdl Line: 165
    Info (12022): Found design unit 9: OR_2-Equations File: C:/Users/ASUS/OneDrive - Indian Institute of Technology Bombay/ACADS/SEMESTER-3/EE-214/PRACTICE/midsem_2022/Gates.vhdl Line: 176
    Info (12022): Found design unit 10: OR_3-Equations File: C:/Users/ASUS/OneDrive - Indian Institute of Technology Bombay/ACADS/SEMESTER-3/EE-214/PRACTICE/midsem_2022/Gates.vhdl Line: 187
    Info (12022): Found design unit 11: OR_4-Equations File: C:/Users/ASUS/OneDrive - Indian Institute of Technology Bombay/ACADS/SEMESTER-3/EE-214/PRACTICE/midsem_2022/Gates.vhdl Line: 198
    Info (12022): Found design unit 12: NOR_2-Equations File: C:/Users/ASUS/OneDrive - Indian Institute of Technology Bombay/ACADS/SEMESTER-3/EE-214/PRACTICE/midsem_2022/Gates.vhdl Line: 209
    Info (12022): Found design unit 13: NOR_3-Equations File: C:/Users/ASUS/OneDrive - Indian Institute of Technology Bombay/ACADS/SEMESTER-3/EE-214/PRACTICE/midsem_2022/Gates.vhdl Line: 220
    Info (12022): Found design unit 14: NOR_4-Equations File: C:/Users/ASUS/OneDrive - Indian Institute of Technology Bombay/ACADS/SEMESTER-3/EE-214/PRACTICE/midsem_2022/Gates.vhdl Line: 232
    Info (12022): Found design unit 15: XOR_2-Equations File: C:/Users/ASUS/OneDrive - Indian Institute of Technology Bombay/ACADS/SEMESTER-3/EE-214/PRACTICE/midsem_2022/Gates.vhdl Line: 244
    Info (12022): Found design unit 16: XOR_3-Equations File: C:/Users/ASUS/OneDrive - Indian Institute of Technology Bombay/ACADS/SEMESTER-3/EE-214/PRACTICE/midsem_2022/Gates.vhdl Line: 255
    Info (12022): Found design unit 17: XOR_4-Equations File: C:/Users/ASUS/OneDrive - Indian Institute of Technology Bombay/ACADS/SEMESTER-3/EE-214/PRACTICE/midsem_2022/Gates.vhdl Line: 266
    Info (12022): Found design unit 18: XNOR_2-Equations File: C:/Users/ASUS/OneDrive - Indian Institute of Technology Bombay/ACADS/SEMESTER-3/EE-214/PRACTICE/midsem_2022/Gates.vhdl Line: 277
    Info (12022): Found design unit 19: XNOR_3-Equations File: C:/Users/ASUS/OneDrive - Indian Institute of Technology Bombay/ACADS/SEMESTER-3/EE-214/PRACTICE/midsem_2022/Gates.vhdl Line: 288
    Info (12022): Found design unit 20: XNOR_4-Equations File: C:/Users/ASUS/OneDrive - Indian Institute of Technology Bombay/ACADS/SEMESTER-3/EE-214/PRACTICE/midsem_2022/Gates.vhdl Line: 299
    Info (12022): Found design unit 21: HALF_ADDER-Equations File: C:/Users/ASUS/OneDrive - Indian Institute of Technology Bombay/ACADS/SEMESTER-3/EE-214/PRACTICE/midsem_2022/Gates.vhdl Line: 310
    Info (12023): Found entity 1: INVERTER File: C:/Users/ASUS/OneDrive - Indian Institute of Technology Bombay/ACADS/SEMESTER-3/EE-214/PRACTICE/midsem_2022/Gates.vhdl Line: 94
    Info (12023): Found entity 2: AND_2 File: C:/Users/ASUS/OneDrive - Indian Institute of Technology Bombay/ACADS/SEMESTER-3/EE-214/PRACTICE/midsem_2022/Gates.vhdl Line: 106
    Info (12023): Found entity 3: AND_3 File: C:/Users/ASUS/OneDrive - Indian Institute of Technology Bombay/ACADS/SEMESTER-3/EE-214/PRACTICE/midsem_2022/Gates.vhdl Line: 117
    Info (12023): Found entity 4: AND_4 File: C:/Users/ASUS/OneDrive - Indian Institute of Technology Bombay/ACADS/SEMESTER-3/EE-214/PRACTICE/midsem_2022/Gates.vhdl Line: 128
    Info (12023): Found entity 5: NAND_2 File: C:/Users/ASUS/OneDrive - Indian Institute of Technology Bombay/ACADS/SEMESTER-3/EE-214/PRACTICE/midsem_2022/Gates.vhdl Line: 139
    Info (12023): Found entity 6: NAND_3 File: C:/Users/ASUS/OneDrive - Indian Institute of Technology Bombay/ACADS/SEMESTER-3/EE-214/PRACTICE/midsem_2022/Gates.vhdl Line: 150
    Info (12023): Found entity 7: NAND_4 File: C:/Users/ASUS/OneDrive - Indian Institute of Technology Bombay/ACADS/SEMESTER-3/EE-214/PRACTICE/midsem_2022/Gates.vhdl Line: 161
    Info (12023): Found entity 8: OR_2 File: C:/Users/ASUS/OneDrive - Indian Institute of Technology Bombay/ACADS/SEMESTER-3/EE-214/PRACTICE/midsem_2022/Gates.vhdl Line: 172
    Info (12023): Found entity 9: OR_3 File: C:/Users/ASUS/OneDrive - Indian Institute of Technology Bombay/ACADS/SEMESTER-3/EE-214/PRACTICE/midsem_2022/Gates.vhdl Line: 183
    Info (12023): Found entity 10: OR_4 File: C:/Users/ASUS/OneDrive - Indian Institute of Technology Bombay/ACADS/SEMESTER-3/EE-214/PRACTICE/midsem_2022/Gates.vhdl Line: 194
    Info (12023): Found entity 11: NOR_2 File: C:/Users/ASUS/OneDrive - Indian Institute of Technology Bombay/ACADS/SEMESTER-3/EE-214/PRACTICE/midsem_2022/Gates.vhdl Line: 205
    Info (12023): Found entity 12: NOR_3 File: C:/Users/ASUS/OneDrive - Indian Institute of Technology Bombay/ACADS/SEMESTER-3/EE-214/PRACTICE/midsem_2022/Gates.vhdl Line: 216
    Info (12023): Found entity 13: NOR_4 File: C:/Users/ASUS/OneDrive - Indian Institute of Technology Bombay/ACADS/SEMESTER-3/EE-214/PRACTICE/midsem_2022/Gates.vhdl Line: 228
    Info (12023): Found entity 14: XOR_2 File: C:/Users/ASUS/OneDrive - Indian Institute of Technology Bombay/ACADS/SEMESTER-3/EE-214/PRACTICE/midsem_2022/Gates.vhdl Line: 240
    Info (12023): Found entity 15: XOR_3 File: C:/Users/ASUS/OneDrive - Indian Institute of Technology Bombay/ACADS/SEMESTER-3/EE-214/PRACTICE/midsem_2022/Gates.vhdl Line: 251
    Info (12023): Found entity 16: XOR_4 File: C:/Users/ASUS/OneDrive - Indian Institute of Technology Bombay/ACADS/SEMESTER-3/EE-214/PRACTICE/midsem_2022/Gates.vhdl Line: 262
    Info (12023): Found entity 17: XNOR_2 File: C:/Users/ASUS/OneDrive - Indian Institute of Technology Bombay/ACADS/SEMESTER-3/EE-214/PRACTICE/midsem_2022/Gates.vhdl Line: 273
    Info (12023): Found entity 18: XNOR_3 File: C:/Users/ASUS/OneDrive - Indian Institute of Technology Bombay/ACADS/SEMESTER-3/EE-214/PRACTICE/midsem_2022/Gates.vhdl Line: 284
    Info (12023): Found entity 19: XNOR_4 File: C:/Users/ASUS/OneDrive - Indian Institute of Technology Bombay/ACADS/SEMESTER-3/EE-214/PRACTICE/midsem_2022/Gates.vhdl Line: 295
    Info (12023): Found entity 20: HALF_ADDER File: C:/Users/ASUS/OneDrive - Indian Institute of Technology Bombay/ACADS/SEMESTER-3/EE-214/PRACTICE/midsem_2022/Gates.vhdl Line: 306
Info (12021): Found 2 design units, including 1 entities, in source file dut.vhdl
    Info (12022): Found design unit 1: DUT-DutWrap File: C:/Users/ASUS/OneDrive - Indian Institute of Technology Bombay/ACADS/SEMESTER-3/EE-214/PRACTICE/midsem_2022/DUT.vhdl Line: 13
    Info (12023): Found entity 1: DUT File: C:/Users/ASUS/OneDrive - Indian Institute of Technology Bombay/ACADS/SEMESTER-3/EE-214/PRACTICE/midsem_2022/DUT.vhdl Line: 8
Info (12021): Found 2 design units, including 1 entities, in source file compare_fourbit.vhdl
    Info (12022): Found design unit 1: compare_fourbit-Struct File: C:/Users/ASUS/OneDrive - Indian Institute of Technology Bombay/ACADS/SEMESTER-3/EE-214/PRACTICE/midsem_2022/compare_fourbit.vhdl Line: 11
    Info (12023): Found entity 1: compare_fourbit File: C:/Users/ASUS/OneDrive - Indian Institute of Technology Bombay/ACADS/SEMESTER-3/EE-214/PRACTICE/midsem_2022/compare_fourbit.vhdl Line: 6
Info (12127): Elaborating entity "DUT" for the top level hierarchy
Info (12128): Elaborating entity "compare_fourbit" for hierarchy "compare_fourbit:add_instance" File: C:/Users/ASUS/OneDrive - Indian Institute of Technology Bombay/ACADS/SEMESTER-3/EE-214/PRACTICE/midsem_2022/DUT.vhdl Line: 23
Warning (10036): Verilog HDL or VHDL warning at compare_fourbit.vhdl(13): object "car" assigned a value but never read File: C:/Users/ASUS/OneDrive - Indian Institute of Technology Bombay/ACADS/SEMESTER-3/EE-214/PRACTICE/midsem_2022/compare_fourbit.vhdl Line: 13
Info (12128): Elaborating entity "Fourbit_AdderSubtractor" for hierarchy "compare_fourbit:add_instance|Fourbit_AdderSubtractor:Subtract" File: C:/Users/ASUS/OneDrive - Indian Institute of Technology Bombay/ACADS/SEMESTER-3/EE-214/PRACTICE/midsem_2022/compare_fourbit.vhdl Line: 21
Info (12128): Elaborating entity "XOR_2" for hierarchy "compare_fourbit:add_instance|Fourbit_AdderSubtractor:Subtract|XOR_2:XORR1" File: C:/Users/ASUS/OneDrive - Indian Institute of Technology Bombay/ACADS/SEMESTER-3/EE-214/PRACTICE/midsem_2022/4-bit_Adder-Subtractor.vhdl Line: 20
Info (12128): Elaborating entity "Full_adder" for hierarchy "compare_fourbit:add_instance|Fourbit_AdderSubtractor:Subtract|Full_adder:Full_adder_0" File: C:/Users/ASUS/OneDrive - Indian Institute of Technology Bombay/ACADS/SEMESTER-3/EE-214/PRACTICE/midsem_2022/4-bit_Adder-Subtractor.vhdl Line: 24
Info (12128): Elaborating entity "AND_2" for hierarchy "compare_fourbit:add_instance|Fourbit_AdderSubtractor:Subtract|Full_adder:Full_adder_0|AND_2:AND1" File: C:/Users/ASUS/OneDrive - Indian Institute of Technology Bombay/ACADS/SEMESTER-3/EE-214/PRACTICE/midsem_2022/Full_adder.vhdl Line: 18
Info (12128): Elaborating entity "OR_2" for hierarchy "compare_fourbit:add_instance|Fourbit_AdderSubtractor:Subtract|Full_adder:Full_adder_0|OR_2:OR1" File: C:/Users/ASUS/OneDrive - Indian Institute of Technology Bombay/ACADS/SEMESTER-3/EE-214/PRACTICE/midsem_2022/Full_adder.vhdl Line: 21
Info (12128): Elaborating entity "INVERTER" for hierarchy "compare_fourbit:add_instance|INVERTER:Y3Bar" File: C:/Users/ASUS/OneDrive - Indian Institute of Technology Bombay/ACADS/SEMESTER-3/EE-214/PRACTICE/midsem_2022/compare_fourbit.vhdl Line: 24
Info (12128): Elaborating entity "OR_4" for hierarchy "compare_fourbit:add_instance|OR_4:checkEq1" File: C:/Users/ASUS/OneDrive - Indian Institute of Technology Bombay/ACADS/SEMESTER-3/EE-214/PRACTICE/midsem_2022/compare_fourbit.vhdl Line: 27
Info (12128): Elaborating entity "AND_3" for hierarchy "compare_fourbit:add_instance|AND_3:checkOvF1" File: C:/Users/ASUS/OneDrive - Indian Institute of Technology Bombay/ACADS/SEMESTER-3/EE-214/PRACTICE/midsem_2022/compare_fourbit.vhdl Line: 33
Info: Quartus Prime Analysis & Elaboration was successful. 0 errors, 2 warnings
    Info: Peak virtual memory: 4779 megabytes
    Info: Processing ended: Tue Sep 26 23:03:38 2023
    Info: Elapsed time: 00:00:09
    Info: Total CPU time (on all processors): 00:00:08


